2022-01-20T15:26:21,821 - CPUUtilization.Percent:0.0|#Level:Host|#hostname:MeshifyC,timestamp:1642710381
2022-01-20T15:26:21,822 - DiskAvailable.Gigabytes:86.64562225341797|#Level:Host|#hostname:MeshifyC,timestamp:1642710381
2022-01-20T15:26:21,823 - DiskUsage.Gigabytes:843.7921905517578|#Level:Host|#hostname:MeshifyC,timestamp:1642710381
2022-01-20T15:26:21,823 - DiskUtilization.Percent:90.7|#Level:Host|#hostname:MeshifyC,timestamp:1642710381
2022-01-20T15:26:21,824 - MemoryAvailable.Megabytes:20977.8984375|#Level:Host|#hostname:MeshifyC,timestamp:1642710381
2022-01-20T15:26:21,824 - MemoryUsed.Megabytes:11715.94140625|#Level:Host|#hostname:MeshifyC,timestamp:1642710381
2022-01-20T15:26:21,825 - MemoryUtilization.Percent:35.8|#Level:Host|#hostname:MeshifyC,timestamp:1642710381
2022-01-20T15:27:11,742 - Requests2XX.Count:1|#Level:Host|#hostname:MeshifyC,timestamp:null
2022-01-20T15:27:21,812 - CPUUtilization.Percent:0.0|#Level:Host|#hostname:MeshifyC,timestamp:1642710441
2022-01-20T15:27:21,812 - DiskAvailable.Gigabytes:86.650390625|#Level:Host|#hostname:MeshifyC,timestamp:1642710441
2022-01-20T15:27:21,813 - DiskUsage.Gigabytes:843.7874221801758|#Level:Host|#hostname:MeshifyC,timestamp:1642710441
2022-01-20T15:27:21,813 - DiskUtilization.Percent:90.7|#Level:Host|#hostname:MeshifyC,timestamp:1642710441
2022-01-20T15:27:21,814 - MemoryAvailable.Megabytes:20926.91796875|#Level:Host|#hostname:MeshifyC,timestamp:1642710441
2022-01-20T15:27:21,814 - MemoryUsed.Megabytes:11766.92578125|#Level:Host|#hostname:MeshifyC,timestamp:1642710441
2022-01-20T15:27:21,814 - MemoryUtilization.Percent:36.0|#Level:Host|#hostname:MeshifyC,timestamp:1642710441
2022-01-20T15:27:41,700 - Requests2XX.Count:1|#Level:Host|#hostname:MeshifyC,timestamp:null
2022-01-20T15:28:27,235 - Requests4XX.Count:1|#Level:Host|#hostname:MeshifyC,timestamp:null
2022-01-20T15:28:40,578 - Requests2XX.Count:1|#Level:Host|#hostname:MeshifyC,timestamp:null
2022-01-20T15:28:54,619 - Requests2XX.Count:1|#Level:Host|#hostname:MeshifyC,timestamp:null
2022-01-20T15:29:53,060 - CPUUtilization.Percent:0.0|#Level:Host|#hostname:MeshifyC,timestamp:1642710593
2022-01-20T15:29:53,061 - DiskAvailable.Gigabytes:86.40034866333008|#Level:Host|#hostname:MeshifyC,timestamp:1642710593
2022-01-20T15:29:53,062 - DiskUsage.Gigabytes:844.0374641418457|#Level:Host|#hostname:MeshifyC,timestamp:1642710593
2022-01-20T15:29:53,062 - DiskUtilization.Percent:90.7|#Level:Host|#hostname:MeshifyC,timestamp:1642710593
2022-01-20T15:29:53,062 - MemoryAvailable.Megabytes:20935.21875|#Level:Host|#hostname:MeshifyC,timestamp:1642710593
2022-01-20T15:29:53,063 - MemoryUsed.Megabytes:11758.625|#Level:Host|#hostname:MeshifyC,timestamp:1642710593
2022-01-20T15:29:53,063 - MemoryUtilization.Percent:36.0|#Level:Host|#hostname:MeshifyC,timestamp:1642710593
2022-01-20T15:30:46,602 - Requests2XX.Count:1|#Level:Host|#hostname:MeshifyC,timestamp:null
2022-01-20T15:30:53,062 - CPUUtilization.Percent:0.0|#Level:Host|#hostname:MeshifyC,timestamp:1642710653
2022-01-20T15:30:53,062 - DiskAvailable.Gigabytes:86.3996810913086|#Level:Host|#hostname:MeshifyC,timestamp:1642710653
2022-01-20T15:30:53,063 - DiskUsage.Gigabytes:844.0381317138672|#Level:Host|#hostname:MeshifyC,timestamp:1642710653
2022-01-20T15:30:53,064 - DiskUtilization.Percent:90.7|#Level:Host|#hostname:MeshifyC,timestamp:1642710653
2022-01-20T15:30:53,064 - MemoryAvailable.Megabytes:20939.20703125|#Level:Host|#hostname:MeshifyC,timestamp:1642710653
2022-01-20T15:30:53,064 - MemoryUsed.Megabytes:11754.63671875|#Level:Host|#hostname:MeshifyC,timestamp:1642710653
2022-01-20T15:30:53,065 - MemoryUtilization.Percent:36.0|#Level:Host|#hostname:MeshifyC,timestamp:1642710653
2022-01-20T15:32:05,785 - Requests2XX.Count:1|#Level:Host|#hostname:MeshifyC,timestamp:null
2022-01-20T15:59:14,503 - CPUUtilization.Percent:0.0|#Level:Host|#hostname:MeshifyC,timestamp:1642712354
2022-01-20T15:59:14,504 - DiskAvailable.Gigabytes:85.88510131835938|#Level:Host|#hostname:MeshifyC,timestamp:1642712354
2022-01-20T15:59:14,504 - DiskUsage.Gigabytes:844.5527114868164|#Level:Host|#hostname:MeshifyC,timestamp:1642712354
2022-01-20T15:59:14,505 - DiskUtilization.Percent:90.8|#Level:Host|#hostname:MeshifyC,timestamp:1642712354
2022-01-20T15:59:14,505 - MemoryAvailable.Megabytes:21105.65234375|#Level:Host|#hostname:MeshifyC,timestamp:1642712354
2022-01-20T15:59:14,505 - MemoryUsed.Megabytes:11588.19140625|#Level:Host|#hostname:MeshifyC,timestamp:1642712354
2022-01-20T15:59:14,505 - MemoryUtilization.Percent:35.4|#Level:Host|#hostname:MeshifyC,timestamp:1642712354
2022-01-20T16:00:14,513 - CPUUtilization.Percent:0.0|#Level:Host|#hostname:MeshifyC,timestamp:1642712414
2022-01-20T16:00:14,514 - DiskAvailable.Gigabytes:85.88948059082031|#Level:Host|#hostname:MeshifyC,timestamp:1642712414
2022-01-20T16:00:14,515 - DiskUsage.Gigabytes:844.5483322143555|#Level:Host|#hostname:MeshifyC,timestamp:1642712414
2022-01-20T16:00:14,515 - DiskUtilization.Percent:90.8|#Level:Host|#hostname:MeshifyC,timestamp:1642712414
2022-01-20T16:00:14,515 - MemoryAvailable.Megabytes:21077.55078125|#Level:Host|#hostname:MeshifyC,timestamp:1642712414
2022-01-20T16:00:14,515 - MemoryUsed.Megabytes:11616.29296875|#Level:Host|#hostname:MeshifyC,timestamp:1642712414
2022-01-20T16:00:14,516 - MemoryUtilization.Percent:35.5|#Level:Host|#hostname:MeshifyC,timestamp:1642712414
2022-01-20T17:48:10,233 - CPUUtilization.Percent:0.0|#Level:Host|#hostname:MeshifyC,timestamp:1642718890
2022-01-20T17:48:10,233 - DiskAvailable.Gigabytes:84.8934326171875|#Level:Host|#hostname:MeshifyC,timestamp:1642718890
2022-01-20T17:48:10,234 - DiskUsage.Gigabytes:845.5443801879883|#Level:Host|#hostname:MeshifyC,timestamp:1642718890
2022-01-20T17:48:10,234 - DiskUtilization.Percent:90.9|#Level:Host|#hostname:MeshifyC,timestamp:1642718890
2022-01-20T17:48:10,235 - MemoryAvailable.Megabytes:20819.125|#Level:Host|#hostname:MeshifyC,timestamp:1642718890
2022-01-20T17:48:10,235 - MemoryUsed.Megabytes:11874.71875|#Level:Host|#hostname:MeshifyC,timestamp:1642718890
2022-01-20T17:48:10,235 - MemoryUtilization.Percent:36.3|#Level:Host|#hostname:MeshifyC,timestamp:1642718890
2022-01-20T17:48:29,466 - Requests2XX.Count:1|#Level:Host|#hostname:MeshifyC,timestamp:null
2022-01-20T18:18:28,748 - CPUUtilization.Percent:0.0|#Level:Host|#hostname:MeshifyC,timestamp:1642720708
2022-01-20T18:18:28,748 - DiskAvailable.Gigabytes:84.28630828857422|#Level:Host|#hostname:MeshifyC,timestamp:1642720708
2022-01-20T18:18:28,749 - DiskUsage.Gigabytes:846.1515045166016|#Level:Host|#hostname:MeshifyC,timestamp:1642720708
2022-01-20T18:18:28,749 - DiskUtilization.Percent:90.9|#Level:Host|#hostname:MeshifyC,timestamp:1642720708
2022-01-20T18:18:28,750 - MemoryAvailable.Megabytes:20138.30078125|#Level:Host|#hostname:MeshifyC,timestamp:1642720708
2022-01-20T18:18:28,750 - MemoryUsed.Megabytes:12555.54296875|#Level:Host|#hostname:MeshifyC,timestamp:1642720708
2022-01-20T18:18:28,750 - MemoryUtilization.Percent:38.4|#Level:Host|#hostname:MeshifyC,timestamp:1642720708
2022-01-20T18:19:28,752 - CPUUtilization.Percent:0.0|#Level:Host|#hostname:MeshifyC,timestamp:1642720768
2022-01-20T18:19:28,753 - DiskAvailable.Gigabytes:84.28764724731445|#Level:Host|#hostname:MeshifyC,timestamp:1642720768
2022-01-20T18:19:28,754 - DiskUsage.Gigabytes:846.1501655578613|#Level:Host|#hostname:MeshifyC,timestamp:1642720768
2022-01-20T18:19:28,755 - DiskUtilization.Percent:90.9|#Level:Host|#hostname:MeshifyC,timestamp:1642720768
2022-01-20T18:19:28,756 - MemoryAvailable.Megabytes:20331.171875|#Level:Host|#hostname:MeshifyC,timestamp:1642720768
2022-01-20T18:19:28,759 - MemoryUsed.Megabytes:12362.671875|#Level:Host|#hostname:MeshifyC,timestamp:1642720768
2022-01-20T18:19:28,760 - MemoryUtilization.Percent:37.8|#Level:Host|#hostname:MeshifyC,timestamp:1642720768
2022-01-20T18:33:53,322 - CPUUtilization.Percent:0.0|#Level:Host|#hostname:MeshifyC,timestamp:1642721633
2022-01-20T18:33:53,322 - DiskAvailable.Gigabytes:83.3655014038086|#Level:Host|#hostname:MeshifyC,timestamp:1642721633
2022-01-20T18:33:53,323 - DiskUsage.Gigabytes:847.0723114013672|#Level:Host|#hostname:MeshifyC,timestamp:1642721633
2022-01-20T18:33:53,323 - DiskUtilization.Percent:91.0|#Level:Host|#hostname:MeshifyC,timestamp:1642721633
2022-01-20T18:33:53,324 - MemoryAvailable.Megabytes:20564.3984375|#Level:Host|#hostname:MeshifyC,timestamp:1642721633
2022-01-20T18:33:53,324 - MemoryUsed.Megabytes:12129.4453125|#Level:Host|#hostname:MeshifyC,timestamp:1642721633
2022-01-20T18:33:53,324 - MemoryUtilization.Percent:37.1|#Level:Host|#hostname:MeshifyC,timestamp:1642721633
2022-01-20T18:33:57,486 - W-9000-nice_dbert_1.0.ms:4444|#Level:Host|#hostname:MeshifyC,timestamp:1642721637
2022-01-20T18:33:57,486 - WorkerThreadTime.ms:16|#Level:Host|#hostname:MeshifyC,timestamp:null
2022-01-20T18:34:53,334 - CPUUtilization.Percent:0.0|#Level:Host|#hostname:MeshifyC,timestamp:1642721693
2022-01-20T18:36:21,199 - Requests2XX.Count:1|#Level:Host|#hostname:MeshifyC,timestamp:null
2022-01-20T18:36:21,211 - Requests2XX.Count:1|#Level:Host|#hostname:MeshifyC,timestamp:null
2022-01-20T18:36:21,213 - DiskAvailable.Gigabytes:83.36425399780273|#Level:Host|#hostname:MeshifyC,timestamp:1642721693
2022-01-20T18:36:21,213 - DiskUsage.Gigabytes:847.073558807373|#Level:Host|#hostname:MeshifyC,timestamp:1642721693
2022-01-20T18:36:21,215 - DiskUtilization.Percent:91.0|#Level:Host|#hostname:MeshifyC,timestamp:1642721693
2022-01-20T18:36:21,215 - MemoryAvailable.Megabytes:20285.21875|#Level:Host|#hostname:MeshifyC,timestamp:1642721693
2022-01-20T18:36:21,215 - MemoryUsed.Megabytes:12408.625|#Level:Host|#hostname:MeshifyC,timestamp:1642721693
2022-01-20T18:36:21,215 - MemoryUtilization.Percent:38.0|#Level:Host|#hostname:MeshifyC,timestamp:1642721693
2022-01-20T18:36:21,336 - CPUUtilization.Percent:0.0|#Level:Host|#hostname:MeshifyC,timestamp:1642721781
2022-01-20T18:36:21,348 - DiskAvailable.Gigabytes:83.36139678955078|#Level:Host|#hostname:MeshifyC,timestamp:1642721781
2022-01-20T18:36:21,350 - DiskUsage.Gigabytes:847.076416015625|#Level:Host|#hostname:MeshifyC,timestamp:1642721781
2022-01-20T18:36:21,351 - DiskUtilization.Percent:91.0|#Level:Host|#hostname:MeshifyC,timestamp:1642721781
2022-01-20T18:36:21,351 - MemoryAvailable.Megabytes:20244.5390625|#Level:Host|#hostname:MeshifyC,timestamp:1642721781
2022-01-20T18:36:21,351 - MemoryUsed.Megabytes:12449.3046875|#Level:Host|#hostname:MeshifyC,timestamp:1642721781
2022-01-20T18:36:21,365 - MemoryUtilization.Percent:38.1|#Level:Host|#hostname:MeshifyC,timestamp:1642721781
2022-01-20T18:36:53,332 - CPUUtilization.Percent:0.0|#Level:Host|#hostname:MeshifyC,timestamp:1642721813
2022-01-20T18:36:53,332 - DiskAvailable.Gigabytes:83.36555099487305|#Level:Host|#hostname:MeshifyC,timestamp:1642721813
2022-01-20T18:36:53,334 - DiskUsage.Gigabytes:847.0722618103027|#Level:Host|#hostname:MeshifyC,timestamp:1642721813
2022-01-20T18:36:53,334 - DiskUtilization.Percent:91.0|#Level:Host|#hostname:MeshifyC,timestamp:1642721813
2022-01-20T18:36:53,335 - MemoryAvailable.Megabytes:20062.828125|#Level:Host|#hostname:MeshifyC,timestamp:1642721813
2022-01-20T18:36:53,335 - MemoryUsed.Megabytes:12631.015625|#Level:Host|#hostname:MeshifyC,timestamp:1642721813
2022-01-20T18:36:53,335 - MemoryUtilization.Percent:38.6|#Level:Host|#hostname:MeshifyC,timestamp:1642721813
2022-01-20T18:37:53,340 - CPUUtilization.Percent:0.0|#Level:Host|#hostname:MeshifyC,timestamp:1642721873
2022-01-20T18:37:53,340 - DiskAvailable.Gigabytes:83.36457443237305|#Level:Host|#hostname:MeshifyC,timestamp:1642721873
2022-01-20T18:37:53,341 - DiskUsage.Gigabytes:847.0732383728027|#Level:Host|#hostname:MeshifyC,timestamp:1642721873
2022-01-20T18:37:53,342 - DiskUtilization.Percent:91.0|#Level:Host|#hostname:MeshifyC,timestamp:1642721873
2022-01-20T18:37:53,342 - MemoryAvailable.Megabytes:19363.8984375|#Level:Host|#hostname:MeshifyC,timestamp:1642721873
2022-01-20T18:37:53,342 - MemoryUsed.Megabytes:13329.9453125|#Level:Host|#hostname:MeshifyC,timestamp:1642721873
2022-01-20T18:37:53,343 - MemoryUtilization.Percent:40.8|#Level:Host|#hostname:MeshifyC,timestamp:1642721873
2022-01-20T18:38:53,334 - CPUUtilization.Percent:0.0|#Level:Host|#hostname:MeshifyC,timestamp:1642721933
2022-01-20T18:38:53,334 - DiskAvailable.Gigabytes:83.35518264770508|#Level:Host|#hostname:MeshifyC,timestamp:1642721933
2022-01-20T18:38:53,336 - DiskUsage.Gigabytes:847.0826301574707|#Level:Host|#hostname:MeshifyC,timestamp:1642721933
2022-01-20T18:38:53,336 - DiskUtilization.Percent:91.0|#Level:Host|#hostname:MeshifyC,timestamp:1642721933
2022-01-20T18:38:53,337 - MemoryAvailable.Megabytes:19484.05078125|#Level:Host|#hostname:MeshifyC,timestamp:1642721933
2022-01-20T18:38:53,337 - MemoryUsed.Megabytes:13209.79296875|#Level:Host|#hostname:MeshifyC,timestamp:1642721933
2022-01-20T18:38:53,337 - MemoryUtilization.Percent:40.4|#Level:Host|#hostname:MeshifyC,timestamp:1642721933
2022-01-20T18:39:53,327 - CPUUtilization.Percent:0.0|#Level:Host|#hostname:MeshifyC,timestamp:1642721993
2022-01-20T18:39:53,327 - DiskAvailable.Gigabytes:83.35319519042969|#Level:Host|#hostname:MeshifyC,timestamp:1642721993
2022-01-20T18:39:53,328 - DiskUsage.Gigabytes:847.0846176147461|#Level:Host|#hostname:MeshifyC,timestamp:1642721993
2022-01-20T18:39:53,328 - DiskUtilization.Percent:91.0|#Level:Host|#hostname:MeshifyC,timestamp:1642721993
2022-01-20T18:39:53,329 - MemoryAvailable.Megabytes:19471.21875|#Level:Host|#hostname:MeshifyC,timestamp:1642721993
2022-01-20T18:39:53,329 - MemoryUsed.Megabytes:13222.625|#Level:Host|#hostname:MeshifyC,timestamp:1642721993
2022-01-20T18:39:53,330 - MemoryUtilization.Percent:40.4|#Level:Host|#hostname:MeshifyC,timestamp:1642721993
2022-01-20T18:40:14,397 - Requests2XX.Count:1|#Level:Host|#hostname:MeshifyC,timestamp:null
2022-01-20T18:40:53,326 - CPUUtilization.Percent:0.0|#Level:Host|#hostname:MeshifyC,timestamp:1642722053
2022-01-20T18:40:53,326 - DiskAvailable.Gigabytes:83.35190963745117|#Level:Host|#hostname:MeshifyC,timestamp:1642722053
2022-01-20T18:40:53,327 - DiskUsage.Gigabytes:847.0859031677246|#Level:Host|#hostname:MeshifyC,timestamp:1642722053
2022-01-20T18:40:53,327 - DiskUtilization.Percent:91.0|#Level:Host|#hostname:MeshifyC,timestamp:1642722053
2022-01-20T18:40:53,328 - MemoryAvailable.Megabytes:19481.69140625|#Level:Host|#hostname:MeshifyC,timestamp:1642722053
2022-01-20T18:40:53,328 - MemoryUsed.Megabytes:13212.15234375|#Level:Host|#hostname:MeshifyC,timestamp:1642722053
2022-01-20T18:40:53,328 - MemoryUtilization.Percent:40.4|#Level:Host|#hostname:MeshifyC,timestamp:1642722053
2022-01-20T18:41:22,116 - Requests4XX.Count:1|#Level:Host|#hostname:MeshifyC,timestamp:null
2022-01-20T18:41:29,402 - Requests4XX.Count:1|#Level:Host|#hostname:MeshifyC,timestamp:null
2022-01-20T18:41:48,060 - Requests2XX.Count:1|#Level:Host|#hostname:MeshifyC,timestamp:null
2022-01-20T18:41:53,330 - CPUUtilization.Percent:0.0|#Level:Host|#hostname:MeshifyC,timestamp:1642722113
2022-01-20T18:41:53,330 - DiskAvailable.Gigabytes:83.3482437133789|#Level:Host|#hostname:MeshifyC,timestamp:1642722113
2022-01-20T18:41:53,331 - DiskUsage.Gigabytes:847.0895690917969|#Level:Host|#hostname:MeshifyC,timestamp:1642722113
2022-01-20T18:41:53,332 - DiskUtilization.Percent:91.0|#Level:Host|#hostname:MeshifyC,timestamp:1642722113
2022-01-20T18:41:53,332 - MemoryAvailable.Megabytes:19465.78515625|#Level:Host|#hostname:MeshifyC,timestamp:1642722113
2022-01-20T18:41:53,333 - MemoryUsed.Megabytes:13228.05859375|#Level:Host|#hostname:MeshifyC,timestamp:1642722113
2022-01-20T18:41:53,334 - MemoryUtilization.Percent:40.5|#Level:Host|#hostname:MeshifyC,timestamp:1642722113
2022-01-20T18:42:53,329 - CPUUtilization.Percent:0.0|#Level:Host|#hostname:MeshifyC,timestamp:1642722173
2022-01-20T18:42:53,329 - DiskAvailable.Gigabytes:83.34799575805664|#Level:Host|#hostname:MeshifyC,timestamp:1642722173
2022-01-20T18:42:53,330 - DiskUsage.Gigabytes:847.0898170471191|#Level:Host|#hostname:MeshifyC,timestamp:1642722173
2022-01-20T18:42:53,331 - DiskUtilization.Percent:91.0|#Level:Host|#hostname:MeshifyC,timestamp:1642722173
2022-01-20T18:42:53,331 - MemoryAvailable.Megabytes:19468.625|#Level:Host|#hostname:MeshifyC,timestamp:1642722173
2022-01-20T18:42:53,331 - MemoryUsed.Megabytes:13225.21875|#Level:Host|#hostname:MeshifyC,timestamp:1642722173
2022-01-20T18:42:53,332 - MemoryUtilization.Percent:40.5|#Level:Host|#hostname:MeshifyC,timestamp:1642722173
2022-01-20T18:43:53,322 - CPUUtilization.Percent:0.0|#Level:Host|#hostname:MeshifyC,timestamp:1642722233
2022-01-20T18:43:53,322 - DiskAvailable.Gigabytes:83.34778213500977|#Level:Host|#hostname:MeshifyC,timestamp:1642722233
2022-01-20T18:43:53,323 - DiskUsage.Gigabytes:847.090030670166|#Level:Host|#hostname:MeshifyC,timestamp:1642722233
2022-01-20T18:43:53,323 - DiskUtilization.Percent:91.0|#Level:Host|#hostname:MeshifyC,timestamp:1642722233
2022-01-20T18:43:53,324 - MemoryAvailable.Megabytes:19476.03125|#Level:Host|#hostname:MeshifyC,timestamp:1642722233
2022-01-20T18:43:53,324 - MemoryUsed.Megabytes:13217.8125|#Level:Host|#hostname:MeshifyC,timestamp:1642722233
2022-01-20T18:43:53,324 - MemoryUtilization.Percent:40.4|#Level:Host|#hostname:MeshifyC,timestamp:1642722233
2022-01-20T18:44:53,329 - CPUUtilization.Percent:0.0|#Level:Host|#hostname:MeshifyC,timestamp:1642722293
2022-01-20T18:44:53,330 - DiskAvailable.Gigabytes:83.34551620483398|#Level:Host|#hostname:MeshifyC,timestamp:1642722293
2022-01-20T18:44:53,331 - DiskUsage.Gigabytes:847.0922966003418|#Level:Host|#hostname:MeshifyC,timestamp:1642722293
2022-01-20T18:44:53,331 - DiskUtilization.Percent:91.0|#Level:Host|#hostname:MeshifyC,timestamp:1642722293
2022-01-20T18:44:53,331 - MemoryAvailable.Megabytes:19397.6484375|#Level:Host|#hostname:MeshifyC,timestamp:1642722293
2022-01-20T18:44:53,332 - MemoryUsed.Megabytes:13296.1953125|#Level:Host|#hostname:MeshifyC,timestamp:1642722293
2022-01-20T18:44:53,332 - MemoryUtilization.Percent:40.7|#Level:Host|#hostname:MeshifyC,timestamp:1642722293
2022-01-20T18:45:53,330 - CPUUtilization.Percent:0.0|#Level:Host|#hostname:MeshifyC,timestamp:1642722353
2022-01-20T18:45:53,331 - DiskAvailable.Gigabytes:83.34976959228516|#Level:Host|#hostname:MeshifyC,timestamp:1642722353
2022-01-20T18:45:53,331 - DiskUsage.Gigabytes:847.0880432128906|#Level:Host|#hostname:MeshifyC,timestamp:1642722353
2022-01-20T18:45:53,332 - DiskUtilization.Percent:91.0|#Level:Host|#hostname:MeshifyC,timestamp:1642722353
2022-01-20T18:45:53,332 - MemoryAvailable.Megabytes:19398.37109375|#Level:Host|#hostname:MeshifyC,timestamp:1642722353
2022-01-20T18:45:53,332 - MemoryUsed.Megabytes:13295.47265625|#Level:Host|#hostname:MeshifyC,timestamp:1642722353
2022-01-20T18:45:53,333 - MemoryUtilization.Percent:40.7|#Level:Host|#hostname:MeshifyC,timestamp:1642722353
2022-01-20T18:46:53,336 - CPUUtilization.Percent:0.0|#Level:Host|#hostname:MeshifyC,timestamp:1642722413
2022-01-20T18:46:53,337 - DiskAvailable.Gigabytes:83.35294342041016|#Level:Host|#hostname:MeshifyC,timestamp:1642722413
2022-01-20T18:46:53,338 - DiskUsage.Gigabytes:847.0848693847656|#Level:Host|#hostname:MeshifyC,timestamp:1642722413
2022-01-20T18:46:53,338 - DiskUtilization.Percent:91.0|#Level:Host|#hostname:MeshifyC,timestamp:1642722413
2022-01-20T18:46:53,338 - MemoryAvailable.Megabytes:19403.28515625|#Level:Host|#hostname:MeshifyC,timestamp:1642722413
2022-01-20T18:46:53,339 - MemoryUsed.Megabytes:13290.55859375|#Level:Host|#hostname:MeshifyC,timestamp:1642722413
2022-01-20T18:46:53,339 - MemoryUtilization.Percent:40.7|#Level:Host|#hostname:MeshifyC,timestamp:1642722413
2022-01-20T18:47:53,332 - CPUUtilization.Percent:0.0|#Level:Host|#hostname:MeshifyC,timestamp:1642722473
2022-01-20T18:47:53,332 - DiskAvailable.Gigabytes:83.35349655151367|#Level:Host|#hostname:MeshifyC,timestamp:1642722473
2022-01-20T18:47:53,333 - DiskUsage.Gigabytes:847.0843162536621|#Level:Host|#hostname:MeshifyC,timestamp:1642722473
2022-01-20T18:47:53,334 - DiskUtilization.Percent:91.0|#Level:Host|#hostname:MeshifyC,timestamp:1642722473
2022-01-20T18:47:53,335 - MemoryAvailable.Megabytes:19378.43359375|#Level:Host|#hostname:MeshifyC,timestamp:1642722473
2022-01-20T18:47:53,335 - MemoryUsed.Megabytes:13315.41015625|#Level:Host|#hostname:MeshifyC,timestamp:1642722473
2022-01-20T18:47:53,335 - MemoryUtilization.Percent:40.7|#Level:Host|#hostname:MeshifyC,timestamp:1642722473
2022-01-20T18:48:37,666 - Requests2XX.Count:1|#Level:Host|#hostname:MeshifyC,timestamp:null
2022-01-20T18:48:53,344 - CPUUtilization.Percent:0.0|#Level:Host|#hostname:MeshifyC,timestamp:1642722533
2022-01-20T18:48:53,344 - DiskAvailable.Gigabytes:83.35030746459961|#Level:Host|#hostname:MeshifyC,timestamp:1642722533
2022-01-20T18:48:53,345 - DiskUsage.Gigabytes:847.0875053405762|#Level:Host|#hostname:MeshifyC,timestamp:1642722533
2022-01-20T18:48:53,345 - DiskUtilization.Percent:91.0|#Level:Host|#hostname:MeshifyC,timestamp:1642722533
2022-01-20T18:48:53,346 - MemoryAvailable.Megabytes:19251.83203125|#Level:Host|#hostname:MeshifyC,timestamp:1642722533
2022-01-20T18:48:53,346 - MemoryUsed.Megabytes:13442.01171875|#Level:Host|#hostname:MeshifyC,timestamp:1642722533
2022-01-20T18:48:53,347 - MemoryUtilization.Percent:41.1|#Level:Host|#hostname:MeshifyC,timestamp:1642722533
2022-01-20T18:49:49,007 - Requests4XX.Count:1|#Level:Host|#hostname:MeshifyC,timestamp:null
2022-01-20T18:49:53,333 - CPUUtilization.Percent:0.0|#Level:Host|#hostname:MeshifyC,timestamp:1642722593
2022-01-20T18:49:53,333 - DiskAvailable.Gigabytes:83.34667587280273|#Level:Host|#hostname:MeshifyC,timestamp:1642722593
2022-01-20T18:49:53,335 - DiskUsage.Gigabytes:847.091136932373|#Level:Host|#hostname:MeshifyC,timestamp:1642722593
2022-01-20T18:49:53,336 - DiskUtilization.Percent:91.0|#Level:Host|#hostname:MeshifyC,timestamp:1642722593
2022-01-20T18:49:53,336 - MemoryAvailable.Megabytes:19311.22265625|#Level:Host|#hostname:MeshifyC,timestamp:1642722593
2022-01-20T18:49:53,337 - MemoryUsed.Megabytes:13382.62109375|#Level:Host|#hostname:MeshifyC,timestamp:1642722593
2022-01-20T18:49:53,337 - MemoryUtilization.Percent:40.9|#Level:Host|#hostname:MeshifyC,timestamp:1642722593
2022-01-20T18:50:53,336 - CPUUtilization.Percent:0.0|#Level:Host|#hostname:MeshifyC,timestamp:1642722653
2022-01-20T18:50:53,336 - DiskAvailable.Gigabytes:83.34992599487305|#Level:Host|#hostname:MeshifyC,timestamp:1642722653
2022-01-20T18:50:53,337 - DiskUsage.Gigabytes:847.0878868103027|#Level:Host|#hostname:MeshifyC,timestamp:1642722653
2022-01-20T18:50:53,338 - DiskUtilization.Percent:91.0|#Level:Host|#hostname:MeshifyC,timestamp:1642722653
2022-01-20T18:50:53,338 - MemoryAvailable.Megabytes:19261.56640625|#Level:Host|#hostname:MeshifyC,timestamp:1642722653
2022-01-20T18:50:53,339 - MemoryUsed.Megabytes:13432.27734375|#Level:Host|#hostname:MeshifyC,timestamp:1642722653
2022-01-20T18:50:53,339 - MemoryUtilization.Percent:41.1|#Level:Host|#hostname:MeshifyC,timestamp:1642722653
2022-01-20T18:51:07,248 - Requests2XX.Count:1|#Level:Host|#hostname:MeshifyC,timestamp:null
2022-01-20T18:51:53,327 - CPUUtilization.Percent:0.0|#Level:Host|#hostname:MeshifyC,timestamp:1642722713
2022-01-20T18:51:53,327 - DiskAvailable.Gigabytes:83.34708786010742|#Level:Host|#hostname:MeshifyC,timestamp:1642722713
2022-01-20T18:51:53,329 - DiskUsage.Gigabytes:847.0907249450684|#Level:Host|#hostname:MeshifyC,timestamp:1642722713
2022-01-20T18:51:53,329 - DiskUtilization.Percent:91.0|#Level:Host|#hostname:MeshifyC,timestamp:1642722713
2022-01-20T18:51:53,329 - MemoryAvailable.Megabytes:19487.1171875|#Level:Host|#hostname:MeshifyC,timestamp:1642722713
2022-01-20T18:51:53,330 - MemoryUsed.Megabytes:13206.7265625|#Level:Host|#hostname:MeshifyC,timestamp:1642722713
2022-01-20T18:51:53,330 - MemoryUtilization.Percent:40.4|#Level:Host|#hostname:MeshifyC,timestamp:1642722713
2022-01-20T18:52:00,318 - Requests2XX.Count:1|#Level:Host|#hostname:MeshifyC,timestamp:null
2022-01-20T18:52:00,319 - QueueTime.ms:0|#Level:Host|#hostname:MeshifyC,timestamp:null
2022-01-20T18:52:00,320 - WorkerThreadTime.ms:4|#Level:Host|#hostname:MeshifyC,timestamp:null
2022-01-20T18:52:33,491 - Requests2XX.Count:1|#Level:Host|#hostname:MeshifyC,timestamp:null
2022-01-20T18:52:38,124 - Requests2XX.Count:1|#Level:Host|#hostname:MeshifyC,timestamp:null
2022-01-20T18:52:38,125 - QueueTime.ms:0|#Level:Host|#hostname:MeshifyC,timestamp:null
2022-01-20T18:52:38,126 - WorkerThreadTime.ms:3|#Level:Host|#hostname:MeshifyC,timestamp:null
2022-01-20T18:52:53,343 - CPUUtilization.Percent:0.0|#Level:Host|#hostname:MeshifyC,timestamp:1642722773
2022-01-20T18:52:53,343 - DiskAvailable.Gigabytes:83.34736633300781|#Level:Host|#hostname:MeshifyC,timestamp:1642722773
2022-01-20T18:52:53,344 - DiskUsage.Gigabytes:847.090446472168|#Level:Host|#hostname:MeshifyC,timestamp:1642722773
2022-01-20T18:52:53,344 - DiskUtilization.Percent:91.0|#Level:Host|#hostname:MeshifyC,timestamp:1642722773
2022-01-20T18:52:53,345 - MemoryAvailable.Megabytes:17163.41796875|#Level:Host|#hostname:MeshifyC,timestamp:1642722773
2022-01-20T18:52:53,345 - MemoryUsed.Megabytes:15530.42578125|#Level:Host|#hostname:MeshifyC,timestamp:1642722773
2022-01-20T18:52:53,345 - MemoryUtilization.Percent:47.5|#Level:Host|#hostname:MeshifyC,timestamp:1642722773
2022-01-20T18:53:53,348 - CPUUtilization.Percent:27.3|#Level:Host|#hostname:MeshifyC,timestamp:1642722833
2022-01-20T18:53:53,348 - DiskAvailable.Gigabytes:83.34851837158203|#Level:Host|#hostname:MeshifyC,timestamp:1642722833
2022-01-20T18:53:53,349 - DiskUsage.Gigabytes:847.0892944335938|#Level:Host|#hostname:MeshifyC,timestamp:1642722833
2022-01-20T18:53:53,350 - DiskUtilization.Percent:91.0|#Level:Host|#hostname:MeshifyC,timestamp:1642722833
2022-01-20T18:53:53,351 - MemoryAvailable.Megabytes:17119.99609375|#Level:Host|#hostname:MeshifyC,timestamp:1642722833
2022-01-20T18:53:53,351 - MemoryUsed.Megabytes:15573.84765625|#Level:Host|#hostname:MeshifyC,timestamp:1642722833
2022-01-20T18:53:53,352 - MemoryUtilization.Percent:47.6|#Level:Host|#hostname:MeshifyC,timestamp:1642722833
2022-01-20T18:54:53,333 - CPUUtilization.Percent:0.0|#Level:Host|#hostname:MeshifyC,timestamp:1642722893
2022-01-20T18:54:53,334 - DiskAvailable.Gigabytes:83.34713363647461|#Level:Host|#hostname:MeshifyC,timestamp:1642722893
2022-01-20T18:54:53,335 - DiskUsage.Gigabytes:847.0906791687012|#Level:Host|#hostname:MeshifyC,timestamp:1642722893
2022-01-20T18:54:53,335 - DiskUtilization.Percent:91.0|#Level:Host|#hostname:MeshifyC,timestamp:1642722893
2022-01-20T18:54:53,336 - MemoryAvailable.Megabytes:17166.390625|#Level:Host|#hostname:MeshifyC,timestamp:1642722893
2022-01-20T18:54:53,337 - MemoryUsed.Megabytes:15527.453125|#Level:Host|#hostname:MeshifyC,timestamp:1642722893
2022-01-20T18:54:53,337 - MemoryUtilization.Percent:47.5|#Level:Host|#hostname:MeshifyC,timestamp:1642722893
2022-01-20T18:55:53,348 - CPUUtilization.Percent:0.0|#Level:Host|#hostname:MeshifyC,timestamp:1642722953
2022-01-20T18:55:53,348 - DiskAvailable.Gigabytes:83.34297561645508|#Level:Host|#hostname:MeshifyC,timestamp:1642722953
2022-01-20T18:55:53,349 - DiskUsage.Gigabytes:847.0948371887207|#Level:Host|#hostname:MeshifyC,timestamp:1642722953
2022-01-20T18:55:53,350 - DiskUtilization.Percent:91.0|#Level:Host|#hostname:MeshifyC,timestamp:1642722953
2022-01-20T18:55:53,350 - MemoryAvailable.Megabytes:17005.15625|#Level:Host|#hostname:MeshifyC,timestamp:1642722953
2022-01-20T18:55:53,350 - MemoryUsed.Megabytes:15688.6875|#Level:Host|#hostname:MeshifyC,timestamp:1642722953
2022-01-20T18:55:53,351 - MemoryUtilization.Percent:48.0|#Level:Host|#hostname:MeshifyC,timestamp:1642722953
2022-01-20T18:56:53,341 - CPUUtilization.Percent:0.0|#Level:Host|#hostname:MeshifyC,timestamp:1642723013
2022-01-20T18:56:53,342 - DiskAvailable.Gigabytes:83.3329086303711|#Level:Host|#hostname:MeshifyC,timestamp:1642723013
2022-01-20T18:56:53,343 - DiskUsage.Gigabytes:847.1049041748047|#Level:Host|#hostname:MeshifyC,timestamp:1642723013
2022-01-20T18:56:53,343 - DiskUtilization.Percent:91.0|#Level:Host|#hostname:MeshifyC,timestamp:1642723013
2022-01-20T18:56:53,344 - MemoryAvailable.Megabytes:17010.296875|#Level:Host|#hostname:MeshifyC,timestamp:1642723013
2022-01-20T18:56:53,344 - MemoryUsed.Megabytes:15683.546875|#Level:Host|#hostname:MeshifyC,timestamp:1642723013
2022-01-20T18:56:53,344 - MemoryUtilization.Percent:48.0|#Level:Host|#hostname:MeshifyC,timestamp:1642723013
